<?xml version="1.0" encoding="UTF-8"?>
<testsuite name="tests.AddNewContact" tests="1" skipped="0" failures="0" errors="0" timestamp="2022-07-09T21:00:40" hostname="VIKTOR" time="1.423">
  <properties/>
  <testcase name="addNewContactSuccess" classname="tests.AddNewContact" time="1.423"/>
  <system-out><![CDATA[]]></system-out>
  <system-err><![CDATA[]]></system-err>
</testsuite>
