<?xml version="1.0" encoding="UTF-8"?>
<testsuite name="tests.LoginTests" tests="1" skipped="0" failures="0" errors="0" timestamp="2022-07-05T21:02:40" hostname="VIKTOR" time="0.949">
  <properties/>
  <testcase name="successLoginUser" classname="tests.LoginTests" time="0.949"/>
  <system-out><![CDATA[]]></system-out>
  <system-err><![CDATA[]]></system-err>
</testsuite>
