<?xml version="1.0" encoding="UTF-8"?>
<testsuite name="tests.DeleteContactTests" tests="1" skipped="0" failures="0" errors="0" timestamp="2022-07-12T21:52:49" hostname="VIKTOR" time="16.485">
  <properties/>
  <testcase name="deleteAllContacts" classname="tests.DeleteContactTests" time="16.485"/>
  <system-out><![CDATA[The number of contacts is: 5
1 is Delete
The number of contacts is: 4
1 is Delete
The number of contacts is: 3
1 is Delete
The number of contacts is: 2
1 is Delete
The number of contacts is: 1
1 is Delete
]]></system-out>
  <system-err><![CDATA[]]></system-err>
</testsuite>
